<?xml version='1.1' encoding='UTF-8'?>
<result plugin="junit@1303.v05e2505656b_7">
  <suites>
    <suite>
      <file>C:\Users\Mayur\PycharmProjects\PythonSelFramework\tests\result.xml</file>
      <name>pytest</name>
      <duration>18.567</duration>
      <startTime>1728169084859</startTime>
      <properties/>
      <timestamp>2024-10-06T00:58:04.859680+02:00</timestamp>
      <time>18.567</time>
      <enclosingBlocks/>
      <enclosingBlockNames/>
      <cases>
        <case>
          <duration>4.446</duration>
          <startTime>1728169084859</startTime>
          <className>test_HomePage.TestHomePage</className>
          <testName>test_formSubmission[getData0]</testName>
          <skipped>false</skipped>
          <keepTestNames>false</keepTestNames>
          <properties/>
          <failedSince>0</failedSince>
        </case>
        <case>
          <duration>0.752</duration>
          <startTime>1728169089305</startTime>
          <className>test_HomePage.TestHomePage</className>
          <testName>test_formSubmission[getData1]</testName>
          <skipped>false</skipped>
          <keepTestNames>false</keepTestNames>
          <properties/>
          <failedSince>0</failedSince>
        </case>
        <case>
          <duration>13.288</duration>
          <startTime>1728169090057</startTime>
          <className>test_e2e.TestOne</className>
          <testName>test_e2e</testName>
          <skipped>false</skipped>
          <keepTestNames>false</keepTestNames>
          <properties/>
          <failedSince>0</failedSince>
        </case>
      </cases>
    </suite>
  </suites>
  <duration>18.567</duration>
  <skipOldReports>false</skipOldReports>
  <startTime>1728169084859</startTime>
  <stdioRetention>NONE</stdioRetention>
  <keepTestNames>false</keepTestNames>
  <keepProperties>false</keepProperties>
</result>